<?xml version="1.0" encoding="UTF-8"?>
<!-- Generated by org.testng.reporters.JUnitReportReporter -->
<testsuite hostname="DESKTOP-N3VQQST" failures="0" tests="1" name="tests.ForgetpassTest" time="4.803" errors="0" timestamp="2022-02-22T03:28:21 EET" skipped="0">
  <testcase classname="tests.ForgetpassTest" name="UserCanLoginSuccssfully" time="4.803"/>
  <system-out/>
</testsuite> <!-- tests.ForgetpassTest -->
