<?xml version="1.0" encoding="UTF-8"?>
<!-- Generated by org.testng.reporters.JUnitReportReporter -->
<testsuite hostname="DESKTOP-N3VQQST" failures="0" tests="1" name="tests.contactus" time="17.545" errors="0" timestamp="2022-02-22T02:59:38 EET" skipped="0">
  <testcase classname="tests.contactus" name="UserCanRegisterSuccssfully" time="17.545"/>
  <system-out/>
</testsuite> <!-- tests.contactus -->
