<?xml version="1.0" encoding="UTF-8"?>
<!-- Generated by org.testng.reporters.JUnitReportReporter -->
<testsuite hostname="DESKTOP-N3VQQST" failures="0" tests="1" name="tests.SignOutTest" time="12.684" errors="0" timestamp="2022-02-17T06:21:19 EET" skipped="0">
  <testcase classname="tests.SignOutTest" name="UserCanSinOut" time="12.684"/>
  <system-out/>
</testsuite> <!-- tests.SignOutTest -->
