<?xml version="1.0" encoding="UTF-8"?>
<!-- Generated by org.testng.reporters.JUnitReportReporter -->
<testsuite hostname="DESKTOP-N3VQQST" failures="0" tests="1" name="tests.SearchTest" time="44.109" errors="0" timestamp="2022-02-17T06:50:23 EET" skipped="0">
  <testcase classname="tests.SearchTest" name="UserCanSearchSuccssfully" time="44.109"/>
  <system-out/>
</testsuite> <!-- tests.SearchTest -->
