<?xml version="1.0" encoding="UTF-8"?>
<!-- Generated by org.testng.reporters.JUnitReportReporter -->
<testsuite hostname="DESKTOP-N3VQQST" failures="0" tests="1" name="tests.HoverTest" time="9.530" errors="0" timestamp="2022-02-22T03:52:09 EET" skipped="0">
  <testcase classname="tests.HoverTest" name="UserCanHover" time="9.530"/>
  <system-out/>
</testsuite> <!-- tests.HoverTest -->
