<?xml version="1.0" encoding="UTF-8"?>
<!-- Generated by org.testng.reporters.JUnitReportReporter -->
<testsuite hostname="DESKTOP-N3VQQST" failures="0" tests="1" name="tests.LoginTest" time="10.099" errors="0" timestamp="2022-02-17T06:33:50 EET" skipped="0">
  <testcase classname="tests.LoginTest" name="UserCanLoginSuccssfully" time="10.099"/>
  <system-out/>
</testsuite> <!-- tests.LoginTest -->
