<?xml version="1.0" encoding="UTF-8"?>
<!-- Generated by org.testng.reporters.JUnitReportReporter -->
<testsuite hostname="DESKTOP-N3VQQST" failures="0" tests="8" name="tests.TestScenario" time="59.043" errors="0" timestamp="2022-02-22T04:08:52 EET" skipped="0">
  <testcase classname="tests.TestScenario" name="userOpenRegisterationPage" time="4.720"/>
  <system-out/>
  <testcase classname="tests.TestScenario" name="UserCanRegister" time="6.886"/>
  <system-out/>
  <testcase classname="tests.TestScenario" name="userSignOut" time="3.557"/>
  <system-out/>
  <testcase classname="tests.TestScenario" name="userLogInWithValidCredentials" time="1.739"/>
  <system-out/>
  <testcase classname="tests.TestScenario" name="UserCanSearchAndAddItemToCart" time="21.110"/>
  <system-out/>
  <testcase classname="tests.TestScenario" name="UserOpenContactUsPage" time="6.011"/>
  <system-out/>
  <testcase classname="tests.TestScenario" name="UserCanHoverOverAnItem" time="8.433"/>
  <system-out/>
  <testcase classname="tests.TestScenario" name="UserForgetPasswordandRetriveIt" time="6.587"/>
  <system-out/>
</testsuite> <!-- tests.TestScenario -->
