<?xml version="1.0" encoding="UTF-8"?>
<!-- Generated by org.testng.reporters.JUnitReportReporter -->
<testsuite hostname="DESKTOP-BM939B8" failures="0" tests="1" name="tests.UserRegistrationTest" time="7.015" errors="0" timestamp="2022-02-13T00:16:56 EET" skipped="0">
  <testcase classname="tests.UserRegistrationTest" name="UserCanRegisterSuccssfully" time="7.015"/>
  <system-out/>
</testsuite> <!-- tests.UserRegistrationTest -->
